<?xml version="1.0" encoding="UTF-8"?>
<!-- Generated by org.testng.reporters.JUnitXMLReporter -->
<testsuite ignored="0" hostname="DESKTOP-GUVME3D" failures="1" tests="2" name="Surefire test" time="35.098" errors="0" timestamp="2024-03-31T11:39:49 AEDT">
  <testcase classname="io.cucumber.testng.AbstractTestNGCucumberTests" name="runScenario" time="31.399">
    <failure type="java.lang.AssertionError" message="expected [Beetroot] but found [No data]">
      <![CDATA[java.lang.AssertionError: expected [Beetroot] but found [No data]
at stepDefinitions.OfferPageStepDefinition.validate_product_name_in_offers_page_matches_with_the_Landing_Page(OfferPageStepDefinition.java:53)
at ✽.validate product name in offers page matches with the Landing Page(file:///C:/Users/Ashu/eclipse-workspace/CucumberFramwork/src/test/java/features/searchProduct.feature:7)
... Removed 6 stack frames]]>
    </failure>
  </testcase> <!-- runScenario -->
  <testcase classname="io.cucumber.testng.AbstractTestNGCucumberTests" name="runScenario" time="32.132"/>
</testsuite> <!-- Surefire test -->
